<?xml version="1.0" encoding="UTF-8"?>
<!-- Generated by org.testng.reporters.JUnitXMLReporter -->
<testsuite ignored="0" hostname="DESKTOP-20BIKE2" failures="0" tests="3" name="Default test" time="0.171" errors="0" timestamp="2025-04-14T14:53:38 IST">
  <testcase classname="com.amazon_in_Test.TestNgEnable" name="Login" time="0.03"/>
  <testcase classname="com.amazon_in_Test.TestNgEnable" name="Logout" time="0.013"/>
  <testcase classname="com.amazon_in_Test.TestNgEnable" name="VerifyPin" time="0.005"/>
</testsuite> <!-- Default test -->
